[2025-04-22T00:30:01.427Z] 📥 COMPRA | DOGEUSDT | Preço: 0.1598 | Qtd: 250.00000000
[2025-05-12T20:44:10.260Z] [2025-05-12T20:44:10.258Z] 🟢 Sistema de trading iniciado
[2025-05-12T20:44:10.268Z] [2025-05-12T20:44:10.268Z] 🔁 Iniciando estratégia MM + Volume + RSI
[2025-05-12T20:44:10.269Z] [2025-05-12T20:44:10.269Z] 📡 Buscando candles iniciais para BTCUSDT (15m)
[2025-05-12T20:44:11.135Z] [2025-05-12T20:44:11.134Z] ✅ 100 candles carregados
[2025-05-12T20:44:11.136Z] [2025-05-12T20:44:11.136Z] 📊 Primeiro candle: 11/05 16:45 | O:104450.01 C:104420
[2025-05-12T20:44:11.137Z] [2025-05-12T20:44:11.137Z] 📊 Último candle: 12/05 17:30 | O:102249.99 C:102585.97
[2025-05-12T20:44:11.137Z] [2025-05-12T20:44:11.137Z] 🌐 Conectando ao WebSocket...
[2025-05-12T20:44:11.138Z] [2025-05-12T20:44:11.138Z] 📡 Buscando candles iniciais para BTCUSDT (15m)
[2025-05-12T20:44:11.430Z] [2025-05-12T20:44:11.430Z] ✅ 100 candles carregados
[2025-05-12T20:44:11.431Z] [2025-05-12T20:44:11.431Z] 📊 Primeiro candle: 11/05 16:45 | O:104450.01 C:104420
[2025-05-12T20:44:11.431Z] [2025-05-12T20:44:11.431Z] 📊 Último candle: 12/05 17:30 | O:102249.99 C:102585.97
[2025-05-12T20:44:24.903Z] [2025-05-12T20:44:24.902Z] 🟢 Sistema de trading iniciado
[2025-05-12T20:44:24.911Z] [2025-05-12T20:44:24.911Z] 🔁 Iniciando estratégia MM + Volume + RSI
[2025-05-12T20:44:24.912Z] [2025-05-12T20:44:24.912Z] 📡 Buscando candles iniciais para BTCUSDT (15m)
[2025-05-12T20:44:25.314Z] [2025-05-12T20:44:25.314Z] ✅ 100 candles carregados
[2025-05-12T20:44:25.315Z] [2025-05-12T20:44:25.315Z] 📊 Primeiro candle: 11/05 16:45 | O:104450.01 C:104420
[2025-05-12T20:44:25.316Z] [2025-05-12T20:44:25.316Z] 📊 Último candle: 12/05 17:30 | O:102249.99 C:102527.87
[2025-05-12T20:44:25.317Z] [2025-05-12T20:44:25.317Z] 🌐 Conectando ao WebSocket...
[2025-05-12T20:44:25.317Z] [2025-05-12T20:44:25.317Z] 📡 Buscando candles iniciais para BTCUSDT (15m)
[2025-05-12T20:44:25.609Z] [2025-05-12T20:44:25.609Z] ✅ 100 candles carregados
[2025-05-12T20:44:25.610Z] [2025-05-12T20:44:25.610Z] 📊 Primeiro candle: 11/05 16:45 | O:104450.01 C:104420
[2025-05-12T20:44:25.610Z] [2025-05-12T20:44:25.610Z] 📊 Último candle: 12/05 17:30 | O:102249.99 C:102527.87
[2025-05-12T20:45:01.367Z] [2025-05-12T20:45:01.366Z] ❌ Erro ao processar candle: Cannot read properties of undefined (reading 'x')
[2025-05-12T21:09:11.404Z] [2025-05-12T21:09:11.403Z] 🟢 Bot iniciado
[2025-05-12T21:09:11.412Z] [2025-05-12T21:09:11.412Z] 🚀 Estratégia iniciada
[2025-05-12T21:09:13.080Z] [2025-05-12T21:09:13.080Z] ✅ 100 candles carregados
[2025-05-12T21:09:13.371Z] [2025-05-12T21:09:13.371Z] ✅ 100 candles carregados
[2025-05-12T23:02:32.974Z] [2025-05-12T23:02:32.973Z] 🟢 Bot iniciado
[2025-05-12T23:02:32.981Z] [2025-05-12T23:02:32.981Z] 🚀 Estratégia iniciada
[2025-05-12T23:02:33.969Z] [2025-05-12T23:02:33.969Z] ✅ 100 candles carregados
[2025-05-12T23:02:34.284Z] [2025-05-12T23:02:34.284Z] ✅ 100 candles carregados
[2025-05-12T23:02:49.818Z] [2025-05-12T23:02:49.817Z] 📊 Indicadores atuais:
[2025-05-12T23:02:49.819Z] [2025-05-12T23:02:49.818Z] {
  "preçoAtual": 102916,
  "fastSMA": 102643.68444444437,
  "slowSMA": 102213.31333333335,
  "volumeAtual": 17.3409,
  "volumeSMA": 260.6424155,
  "rsi": 57.17,
  "obvAtual": -1070.8312999999998,
  "obvAnterior": -1088.1721999999997,
  "obvAtrasado": -1179.2420699999998
}
[2025-05-12T23:03:13.755Z] [2025-05-12T23:03:13.754Z] 📊 Indicadores atuais:
[2025-05-12T23:03:13.756Z] [2025-05-12T23:03:13.756Z] {
  "preçoAtual": 102916,
  "fastSMA": 102643.68444444437,
  "slowSMA": 102213.31333333335,
  "volumeAtual": 17.3409,
  "volumeSMA": 260.6424155,
  "rsi": 57.17,
  "obvAtual": -1070.8312999999998,
  "obvAnterior": -1088.1721999999997,
  "obvAtrasado": -1179.2420699999998
}
[2025-05-12T23:03:27.895Z] [2025-05-12T23:03:27.895Z] 📊 Indicadores atuais:
[2025-05-12T23:03:27.896Z] [2025-05-12T23:03:27.896Z] {
  "preçoAtual": 102916,
  "fastSMA": 102643.68444444437,
  "slowSMA": 102213.31333333335,
  "volumeAtual": 17.3409,
  "volumeSMA": 260.6424155,
  "rsi": 57.17,
  "obvAtual": -1070.8312999999998,
  "obvAnterior": -1088.1721999999997,
  "obvAtrasado": -1179.2420699999998
}
[2025-05-12T23:04:54.252Z] [2025-05-12T23:04:54.251Z] 🟢 Bot iniciado
[2025-05-12T23:04:54.258Z] [2025-05-12T23:04:54.257Z] 🚀 Estratégia iniciada
[2025-05-12T23:04:56.692Z] [2025-05-12T23:04:56.691Z] ✅ 100 candles carregados
[2025-05-12T23:04:57.008Z] [2025-05-12T23:04:57.008Z] ✅ 100 candles carregados
[2025-05-12T23:05:02.745Z] [2025-05-12T23:05:02.744Z] 🟢 Bot iniciado
[2025-05-12T23:05:02.751Z] [2025-05-12T23:05:02.751Z] 🚀 Estratégia iniciada
[2025-05-12T23:05:03.313Z] [2025-05-12T23:05:03.313Z] ✅ 100 candles carregados
[2025-05-12T23:05:04.163Z] [2025-05-12T23:05:04.162Z] ✅ 100 candles carregados
[2025-05-12T23:05:08.222Z] [2025-05-12T23:05:08.222Z] 📊 Indicadores atuais:
[2025-05-12T23:05:08.224Z] [2025-05-12T23:05:08.224Z] {
  "preçoAtual": 102967.89,
  "fastSMA": 102649.44999999992,
  "slowSMA": 102215.78428571431,
  "volumeAtual": 30.23419,
  "volumeSMA": 261.28708,
  "rsi": 58.06,
  "obvAtual": -1057.9380099999998,
  "obvAnterior": -1088.1721999999997,
  "obvAtrasado": -1179.2420699999998
}
[2025-05-12T23:05:16.471Z] [2025-05-12T23:05:16.471Z] 📊 Indicadores atuais:
[2025-05-12T23:05:16.472Z] [2025-05-12T23:05:16.472Z] {
  "preçoAtual": 102967.89,
  "fastSMA": 102649.44999999992,
  "slowSMA": 102215.78428571431,
  "volumeAtual": 30.23419,
  "volumeSMA": 261.28708,
  "rsi": 58.06,
  "obvAtual": -1057.9380099999998,
  "obvAnterior": -1088.1721999999997,
  "obvAtrasado": -1179.2420699999998
}
[2025-05-12T23:05:27.519Z] [2025-05-12T23:05:27.518Z] 📊 Indicadores atuais:
[2025-05-12T23:05:27.520Z] [2025-05-12T23:05:27.519Z] {
  "preçoAtual": 102967.89,
  "fastSMA": 102649.44999999992,
  "slowSMA": 102215.78428571431,
  "volumeAtual": 30.23419,
  "volumeSMA": 261.28708,
  "rsi": 58.06,
  "obvAtual": -1057.9380099999998,
  "obvAnterior": -1088.1721999999997,
  "obvAtrasado": -1179.2420699999998
}
[2025-05-12T23:05:53.876Z] [2025-05-12T23:05:53.876Z] 📊 Indicadores atuais:
[2025-05-12T23:05:53.877Z] [2025-05-12T23:05:53.877Z] {
  "preçoAtual": 102967.89,
  "fastSMA": 102649.44999999992,
  "slowSMA": 102215.78428571431,
  "volumeAtual": 30.23419,
  "volumeSMA": 261.28708,
  "rsi": 58.06,
  "obvAtual": -1057.9380099999998,
  "obvAnterior": -1088.1721999999997,
  "obvAtrasado": -1179.2420699999998
}
[2025-05-12T23:06:23.560Z] [2025-05-12T23:06:23.560Z] 📊 Indicadores atuais:
[2025-05-12T23:06:23.561Z] [2025-05-12T23:06:23.561Z] {
  "preçoAtual": 102967.89,
  "fastSMA": 102649.44999999992,
  "slowSMA": 102215.78428571431,
  "volumeAtual": 30.23419,
  "volumeSMA": 261.28708,
  "rsi": 58.06,
  "obvAtual": -1057.9380099999998,
  "obvAnterior": -1088.1721999999997,
  "obvAtrasado": -1179.2420699999998
}
[2025-05-12T23:06:25.158Z] [2025-05-12T23:06:25.157Z] 📊 Indicadores atuais:
[2025-05-12T23:06:25.159Z] [2025-05-12T23:06:25.158Z] {
  "preçoAtual": 102967.89,
  "fastSMA": 102649.44999999992,
  "slowSMA": 102215.78428571431,
  "volumeAtual": 30.23419,
  "volumeSMA": 261.28708,
  "rsi": 58.06,
  "obvAtual": -1057.9380099999998,
  "obvAnterior": -1088.1721999999997,
  "obvAtrasado": -1179.2420699999998
}
[2025-05-12T23:06:26.748Z] [2025-05-12T23:06:26.747Z] 📊 Indicadores atuais:
[2025-05-12T23:06:26.749Z] [2025-05-12T23:06:26.748Z] {
  "preçoAtual": 102967.89,
  "fastSMA": 102649.44999999992,
  "slowSMA": 102215.78428571431,
  "volumeAtual": 30.23419,
  "volumeSMA": 261.28708,
  "rsi": 58.06,
  "obvAtual": -1057.9380099999998,
  "obvAnterior": -1088.1721999999997,
  "obvAtrasado": -1179.2420699999998
}
[2025-05-12T23:06:28.377Z] [2025-05-12T23:06:28.377Z] 📊 Indicadores atuais:
[2025-05-12T23:06:28.378Z] [2025-05-12T23:06:28.378Z] {
  "preçoAtual": 102967.89,
  "fastSMA": 102649.44999999992,
  "slowSMA": 102215.78428571431,
  "volumeAtual": 30.23419,
  "volumeSMA": 261.28708,
  "rsi": 58.06,
  "obvAtual": -1057.9380099999998,
  "obvAnterior": -1088.1721999999997,
  "obvAtrasado": -1179.2420699999998
}
[2025-05-12T23:15:00.331Z] [2025-05-12T23:15:00.331Z] ❌ Erro ao processar candle: Cannot read properties of undefined (reading 'x')
[2025-05-12T23:17:53.443Z] [2025-05-12T23:17:53.443Z] 📊 Indicadores atuais:
[2025-05-12T23:17:53.444Z] [2025-05-12T23:17:53.444Z] {
  "preçoAtual": 102967.89,
  "fastSMA": 102649.44999999992,
  "slowSMA": 102215.78428571431,
  "volumeAtual": 30.23419,
  "volumeSMA": 261.28708,
  "rsi": 58.06,
  "obvAtual": -1057.9380099999998,
  "obvAnterior": -1088.1721999999997,
  "obvAtrasado": -1179.2420699999998
}
[2025-05-12T23:17:55.672Z] [2025-05-12T23:17:55.671Z] 📊 Indicadores atuais:
[2025-05-12T23:17:55.673Z] [2025-05-12T23:17:55.673Z] {
  "preçoAtual": 102967.89,
  "fastSMA": 102649.44999999992,
  "slowSMA": 102215.78428571431,
  "volumeAtual": 30.23419,
  "volumeSMA": 261.28708,
  "rsi": 58.06,
  "obvAtual": -1057.9380099999998,
  "obvAnterior": -1088.1721999999997,
  "obvAtrasado": -1179.2420699999998
}
[2025-05-12T23:17:57.152Z] [2025-05-12T23:17:57.152Z] 📊 Indicadores atuais:
[2025-05-12T23:17:57.153Z] [2025-05-12T23:17:57.153Z] {
  "preçoAtual": 102967.89,
  "fastSMA": 102649.44999999992,
  "slowSMA": 102215.78428571431,
  "volumeAtual": 30.23419,
  "volumeSMA": 261.28708,
  "rsi": 58.06,
  "obvAtual": -1057.9380099999998,
  "obvAnterior": -1088.1721999999997,
  "obvAtrasado": -1179.2420699999998
}
[2025-05-12T23:25:52.721Z] [2025-05-12T23:25:52.721Z] ❌ Erro ao atualizar preço: read ECONNRESET
